2020-04-08 20:33:39.194 [main] INFO  com.sch.springboot.SpringbootApplicationTests - Starting SpringbootApplicationTests on sch with PID 5651 (started by sch in /home/sch/project/springboot)
2020-04-08 20:33:39.208 [main] INFO  com.sch.springboot.SpringbootApplicationTests - The following profiles are active: person
2020-04-08 20:33:41.025 [main] INFO  o.s.scheduling.concurrent.ThreadPoolTaskExecutor - Initializing ExecutorService 'applicationTaskExecutor'
2020-04-08 20:33:41.240 [main] INFO  o.s.b.a.web.servlet.WelcomePageHandlerMapping - Adding welcome page template: index
2020-04-08 20:33:41.613 [main] INFO  com.sch.springboot.SpringbootApplicationTests - Started SpringbootApplicationTests in 3.284 seconds (JVM running for 5.237)
2020-04-08 20:33:41.917 [main] INFO  com.sch.springboot.SpringbootApplicationTests - ================logger==============
2020-04-08 20:33:41.957 [SpringContextShutdownHook] INFO  o.s.scheduling.concurrent.ThreadPoolTaskExecutor - Shutting down ExecutorService 'applicationTaskExecutor'
2020-04-08 20:34:35.099 [main] INFO  com.sch.springboot.SpringbootApplicationTests - Starting SpringbootApplicationTests on sch with PID 5709 (started by sch in /home/sch/project/springboot)
2020-04-08 20:34:35.103 [main] INFO  com.sch.springboot.SpringbootApplicationTests - The following profiles are active: person
2020-04-08 20:34:36.402 [main] INFO  o.s.scheduling.concurrent.ThreadPoolTaskExecutor - Initializing ExecutorService 'applicationTaskExecutor'
2020-04-08 20:34:36.493 [main] INFO  o.s.b.a.web.servlet.WelcomePageHandlerMapping - Adding welcome page template: index
2020-04-08 20:34:36.740 [main] INFO  com.sch.springboot.SpringbootApplicationTests - Started SpringbootApplicationTests in 2.293 seconds (JVM running for 3.404)
2020-04-08 20:34:36.888 [main] INFO  com.sch.springboot.SpringbootApplicationTests - ================logger==============
2020-04-08 20:34:36.906 [SpringContextShutdownHook] INFO  o.s.scheduling.concurrent.ThreadPoolTaskExecutor - Shutting down ExecutorService 'applicationTaskExecutor'
2020-04-08 20:36:12.775 [main] INFO  com.sch.springboot.SpringbootApplicationTests - Starting SpringbootApplicationTests on sch with PID 5811 (started by sch in /home/sch/project/springboot)
2020-04-08 20:36:12.776 [main] INFO  com.sch.springboot.SpringbootApplicationTests - The following profiles are active: person
2020-04-08 20:36:13.804 [main] INFO  o.s.scheduling.concurrent.ThreadPoolTaskExecutor - Initializing ExecutorService 'applicationTaskExecutor'
2020-04-08 20:36:13.885 [main] INFO  o.s.b.a.web.servlet.WelcomePageHandlerMapping - Adding welcome page template: index
2020-04-08 20:36:14.112 [main] INFO  com.sch.springboot.SpringbootApplicationTests - Started SpringbootApplicationTests in 1.732 seconds (JVM running for 3.071)
2020-04-08 20:36:14.330 [main] INFO  com.sch.springboot.SpringbootApplicationTests - ================logger==============
2020-04-08 20:36:14.347 [SpringContextShutdownHook] INFO  o.s.scheduling.concurrent.ThreadPoolTaskExecutor - Shutting down ExecutorService 'applicationTaskExecutor'
2020-04-08 21:02:08.552 [main] INFO  com.sch.springboot.SpringbootApplicationTests - Starting SpringbootApplicationTests on sch with PID 13100 (started by sch in /home/sch/project/springboot)
2020-04-08 21:02:08.554 [main] INFO  com.sch.springboot.SpringbootApplicationTests - The following profiles are active: person
2020-04-08 21:02:09.668 [main] INFO  o.s.scheduling.concurrent.ThreadPoolTaskExecutor - Initializing ExecutorService 'applicationTaskExecutor'
2020-04-08 21:02:09.754 [main] INFO  o.s.b.a.web.servlet.WelcomePageHandlerMapping - Adding welcome page template: index
2020-04-08 21:02:10.015 [main] INFO  com.sch.springboot.SpringbootApplicationTests - Started SpringbootApplicationTests in 2.054 seconds (JVM running for 3.273)
2020-04-08 21:02:10.160 [main] INFO  com.sch.springboot.SpringbootApplicationTests - ================logger==============
2020-04-08 21:02:10.178 [SpringContextShutdownHook] INFO  o.s.scheduling.concurrent.ThreadPoolTaskExecutor - Shutting down ExecutorService 'applicationTaskExecutor'
2020-04-08 21:03:13.066 [main] INFO  o.s.scheduling.concurrent.ThreadPoolTaskExecutor - Initializing ExecutorService 'applicationTaskExecutor'
2020-04-08 21:03:13.154 [main] INFO  o.s.b.a.web.servlet.WelcomePageHandlerMapping - Adding welcome page template: index
2020-04-08 21:03:13.564 [SpringContextShutdownHook] INFO  o.s.scheduling.concurrent.ThreadPoolTaskExecutor - Shutting down ExecutorService 'applicationTaskExecutor'
2020-04-08 21:03:41.576 [main] INFO  com.sch.springboot.SpringbootApplicationTests - Starting SpringbootApplicationTests on sch with PID 13426 (started by sch in /home/sch/project/springboot)
2020-04-08 21:03:41.578 [main] INFO  com.sch.springboot.SpringbootApplicationTests - The following profiles are active: person
2020-04-08 21:03:42.719 [main] INFO  o.s.scheduling.concurrent.ThreadPoolTaskExecutor - Initializing ExecutorService 'applicationTaskExecutor'
2020-04-08 21:03:42.811 [main] INFO  o.s.b.a.web.servlet.WelcomePageHandlerMapping - Adding welcome page template: index
2020-04-08 21:03:43.106 [main] INFO  com.sch.springboot.SpringbootApplicationTests - Started SpringbootApplicationTests in 2.122 seconds (JVM running for 3.163)
2020-04-08 21:03:43.263 [main] INFO  com.sch.springboot.SpringbootApplicationTests - ================logger==============
2020-04-08 21:03:43.282 [SpringContextShutdownHook] INFO  o.s.scheduling.concurrent.ThreadPoolTaskExecutor - Shutting down ExecutorService 'applicationTaskExecutor'
2020-04-08 21:09:10.371 [main] INFO  com.sch.springboot.SpringbootApplicationTests - Starting SpringbootApplicationTests on sch with PID 13949 (started by sch in /home/sch/project/springboot)
2020-04-08 21:09:10.372 [main] INFO  com.sch.springboot.SpringbootApplicationTests - The following profiles are active: person
2020-04-08 21:09:11.438 [main] INFO  o.s.scheduling.concurrent.ThreadPoolTaskExecutor - Initializing ExecutorService 'applicationTaskExecutor'
2020-04-08 21:09:11.526 [main] INFO  o.s.b.a.web.servlet.WelcomePageHandlerMapping - Adding welcome page template: index
2020-04-08 21:09:11.708 [main] INFO  com.sch.springboot.SpringbootApplicationTests - Started SpringbootApplicationTests in 1.806 seconds (JVM running for 3.008)
2020-04-08 21:09:11.913 [main] INFO  com.sch.springboot.SpringbootApplicationTests - ================logger==============
2020-04-08 21:09:11.934 [SpringContextShutdownHook] INFO  o.s.scheduling.concurrent.ThreadPoolTaskExecutor - Shutting down ExecutorService 'applicationTaskExecutor'
2020-04-08 21:10:25.351 [main] INFO  com.sch.springboot.SpringbootApplicationTests - Starting SpringbootApplicationTests on sch with PID 14038 (started by sch in /home/sch/project/springboot)
2020-04-08 21:10:25.352 [main] INFO  com.sch.springboot.SpringbootApplicationTests - The following profiles are active: person
2020-04-08 21:10:26.398 [main] INFO  o.s.scheduling.concurrent.ThreadPoolTaskExecutor - Initializing ExecutorService 'applicationTaskExecutor'
2020-04-08 21:10:26.487 [main] INFO  o.s.b.a.web.servlet.WelcomePageHandlerMapping - Adding welcome page template: index
2020-04-08 21:10:26.739 [main] INFO  com.sch.springboot.SpringbootApplicationTests - Started SpringbootApplicationTests in 1.943 seconds (JVM running for 2.997)
2020-04-08 21:10:26.888 [main] INFO  com.sch.springboot.SpringbootApplicationTests - ================logger==============
2020-04-08 21:10:26.906 [SpringContextShutdownHook] INFO  o.s.scheduling.concurrent.ThreadPoolTaskExecutor - Shutting down ExecutorService 'applicationTaskExecutor'
2020-04-08 21:16:16.124 [main] INFO  com.sch.springboot.SpringbootApplicationTests - Starting SpringbootApplicationTests on sch with PID 14825 (started by sch in /home/sch/project/springboot)
2020-04-08 21:16:16.125 [main] INFO  com.sch.springboot.SpringbootApplicationTests - The following profiles are active: person
2020-04-08 21:16:17.153 [main] INFO  o.s.scheduling.concurrent.ThreadPoolTaskExecutor - Initializing ExecutorService 'applicationTaskExecutor'
2020-04-08 21:16:17.241 [main] INFO  o.s.b.a.web.servlet.WelcomePageHandlerMapping - Adding welcome page template: index
2020-04-08 21:16:17.497 [main] INFO  com.sch.springboot.SpringbootApplicationTests - Started SpringbootApplicationTests in 1.871 seconds (JVM running for 3.098)
2020-04-08 21:16:17.645 [main] INFO  com.sch.springboot.SpringbootApplicationTests - ================logger==============
2020-04-08 21:16:17.664 [SpringContextShutdownHook] INFO  o.s.scheduling.concurrent.ThreadPoolTaskExecutor - Shutting down ExecutorService 'applicationTaskExecutor'
2020-04-08 21:17:58.166 [main] INFO  com.sch.springboot.SpringbootApplicationTests - Starting SpringbootApplicationTests on sch with PID 15347 (started by sch in /home/sch/project/springboot)
2020-04-08 21:17:58.167 [main] INFO  com.sch.springboot.SpringbootApplicationTests - The following profiles are active: person
2020-04-08 21:17:59.341 [main] INFO  o.s.scheduling.concurrent.ThreadPoolTaskExecutor - Initializing ExecutorService 'applicationTaskExecutor'
2020-04-08 21:17:59.425 [main] INFO  o.s.b.a.web.servlet.WelcomePageHandlerMapping - Adding welcome page template: index
2020-04-08 21:17:59.689 [main] INFO  com.sch.springboot.SpringbootApplicationTests - Started SpringbootApplicationTests in 2.001 seconds (JVM running for 3.316)
2020-04-08 21:17:59.839 [main] INFO  com.sch.springboot.SpringbootApplicationTests - ================logger==============
2020-04-08 21:17:59.855 [SpringContextShutdownHook] INFO  o.s.scheduling.concurrent.ThreadPoolTaskExecutor - Shutting down ExecutorService 'applicationTaskExecutor'
