2020-04-03 10:26:57.243 [main] INFO  com.sch.springboot.SpringbootApplication - Starting SpringbootApplication on sch with PID 21661 (/home/sch/project/springboot/target/classes started by sch in /home/sch/project/springboot)
2020-04-03 10:26:57.259 [main] INFO  com.sch.springboot.SpringbootApplication - The following profiles are active: person
2020-04-03 10:26:58.890 [main] INFO  o.s.boot.web.embedded.tomcat.TomcatWebServer - Tomcat initialized with port(s): 8089 (http)
2020-04-03 10:26:58.897 [main] INFO  org.apache.coyote.http11.Http11NioProtocol - Initializing ProtocolHandler ["http-nio-8089"]
2020-04-03 10:26:58.898 [main] INFO  org.apache.catalina.core.StandardService - Starting service [Tomcat]
2020-04-03 10:26:58.898 [main] INFO  org.apache.catalina.core.StandardEngine - Starting Servlet engine: [Apache Tomcat/9.0.33]
2020-04-03 10:26:58.957 [main] INFO  o.a.c.c.C.[Tomcat].[localhost].[/springBootWeb] - Initializing Spring embedded WebApplicationContext
2020-04-03 10:26:58.958 [main] INFO  org.springframework.web.context.ContextLoader - Root WebApplicationContext: initialization completed in 1461 ms
2020-04-03 10:26:59.240 [main] INFO  o.s.scheduling.concurrent.ThreadPoolTaskExecutor - Initializing ExecutorService 'applicationTaskExecutor'
2020-04-03 10:26:59.377 [main] INFO  o.s.b.a.web.servlet.WelcomePageHandlerMapping - Adding welcome page template: index
2020-04-03 10:26:59.798 [main] INFO  org.apache.coyote.http11.Http11NioProtocol - Starting ProtocolHandler ["http-nio-8089"]
2020-04-03 10:26:59.820 [main] INFO  o.s.boot.web.embedded.tomcat.TomcatWebServer - Tomcat started on port(s): 8089 (http) with context path '/springBootWeb'
2020-04-03 10:26:59.823 [main] INFO  com.sch.springboot.SpringbootApplication - Started SpringbootApplication in 3.435 seconds (JVM running for 4.411)
2020-04-03 10:27:02.310 [http-nio-8089-exec-1] INFO  o.a.c.c.C.[Tomcat].[localhost].[/springBootWeb] - Initializing Spring DispatcherServlet 'dispatcherServlet'
2020-04-03 10:27:02.310 [http-nio-8089-exec-1] INFO  org.springframework.web.servlet.DispatcherServlet - Initializing Servlet 'dispatcherServlet'
2020-04-03 10:27:02.316 [http-nio-8089-exec-1] INFO  org.springframework.web.servlet.DispatcherServlet - Completed initialization in 5 ms
2020-04-03 10:28:45.228 [SpringContextShutdownHook] INFO  o.s.scheduling.concurrent.ThreadPoolTaskExecutor - Shutting down ExecutorService 'applicationTaskExecutor'
2020-04-03 10:28:48.336 [main] INFO  com.sch.springboot.SpringbootApplication - Starting SpringbootApplication on sch with PID 22109 (/home/sch/project/springboot/target/classes started by sch in /home/sch/project/springboot)
2020-04-03 10:28:48.340 [main] INFO  com.sch.springboot.SpringbootApplication - The following profiles are active: person
2020-04-03 10:28:49.097 [main] INFO  o.s.boot.web.embedded.tomcat.TomcatWebServer - Tomcat initialized with port(s): 8089 (http)
2020-04-03 10:28:49.103 [main] INFO  org.apache.coyote.http11.Http11NioProtocol - Initializing ProtocolHandler ["http-nio-8089"]
2020-04-03 10:28:49.103 [main] INFO  org.apache.catalina.core.StandardService - Starting service [Tomcat]
2020-04-03 10:28:49.104 [main] INFO  org.apache.catalina.core.StandardEngine - Starting Servlet engine: [Apache Tomcat/9.0.33]
2020-04-03 10:28:49.159 [main] INFO  o.a.c.c.C.[Tomcat].[localhost].[/springBootWeb] - Initializing Spring embedded WebApplicationContext
2020-04-03 10:28:49.159 [main] INFO  org.springframework.web.context.ContextLoader - Root WebApplicationContext: initialization completed in 786 ms
2020-04-03 10:28:49.282 [main] INFO  o.s.scheduling.concurrent.ThreadPoolTaskExecutor - Initializing ExecutorService 'applicationTaskExecutor'
2020-04-03 10:28:49.322 [main] INFO  o.s.b.a.web.servlet.WelcomePageHandlerMapping - Adding welcome page template: index
2020-04-03 10:28:49.407 [main] INFO  org.apache.coyote.http11.Http11NioProtocol - Starting ProtocolHandler ["http-nio-8089"]
2020-04-03 10:28:49.420 [main] INFO  o.s.boot.web.embedded.tomcat.TomcatWebServer - Tomcat started on port(s): 8089 (http) with context path '/springBootWeb'
2020-04-03 10:28:49.422 [main] INFO  com.sch.springboot.SpringbootApplication - Started SpringbootApplication in 1.485 seconds (JVM running for 2.006)
2020-04-03 10:28:54.889 [http-nio-8089-exec-1] INFO  o.a.c.c.C.[Tomcat].[localhost].[/springBootWeb] - Initializing Spring DispatcherServlet 'dispatcherServlet'
2020-04-03 10:28:54.889 [http-nio-8089-exec-1] INFO  org.springframework.web.servlet.DispatcherServlet - Initializing Servlet 'dispatcherServlet'
2020-04-03 10:28:54.893 [http-nio-8089-exec-1] INFO  org.springframework.web.servlet.DispatcherServlet - Completed initialization in 4 ms
2020-04-03 10:32:56.816 [SpringContextShutdownHook] INFO  o.s.scheduling.concurrent.ThreadPoolTaskExecutor - Shutting down ExecutorService 'applicationTaskExecutor'
2020-04-03 10:34:11.745 [main] INFO  com.sch.springboot.SpringbootApplication - Starting SpringbootApplication on sch with PID 23235 (/home/sch/project/springboot/target/classes started by sch in /home/sch/project/springboot)
2020-04-03 10:34:11.747 [main] INFO  com.sch.springboot.SpringbootApplication - The following profiles are active: person
2020-04-03 10:34:12.570 [main] INFO  o.s.boot.web.embedded.tomcat.TomcatWebServer - Tomcat initialized with port(s): 8089 (http)
2020-04-03 10:34:12.575 [main] INFO  org.apache.coyote.http11.Http11NioProtocol - Initializing ProtocolHandler ["http-nio-8089"]
2020-04-03 10:34:12.576 [main] INFO  org.apache.catalina.core.StandardService - Starting service [Tomcat]
2020-04-03 10:34:12.576 [main] INFO  org.apache.catalina.core.StandardEngine - Starting Servlet engine: [Apache Tomcat/9.0.33]
2020-04-03 10:34:12.620 [main] INFO  o.a.c.c.C.[Tomcat].[localhost].[/springBootWeb] - Initializing Spring embedded WebApplicationContext
2020-04-03 10:34:12.621 [main] INFO  org.springframework.web.context.ContextLoader - Root WebApplicationContext: initialization completed in 837 ms
2020-04-03 10:34:12.752 [main] INFO  o.s.scheduling.concurrent.ThreadPoolTaskExecutor - Initializing ExecutorService 'applicationTaskExecutor'
2020-04-03 10:34:12.807 [main] INFO  o.s.b.a.web.servlet.WelcomePageHandlerMapping - Adding welcome page template: index
2020-04-03 10:34:12.900 [main] INFO  org.apache.coyote.http11.Http11NioProtocol - Starting ProtocolHandler ["http-nio-8089"]
2020-04-03 10:34:12.912 [main] INFO  o.s.boot.web.embedded.tomcat.TomcatWebServer - Tomcat started on port(s): 8089 (http) with context path '/springBootWeb'
2020-04-03 10:34:12.914 [main] INFO  com.sch.springboot.SpringbootApplication - Started SpringbootApplication in 1.778 seconds (JVM running for 2.425)
2020-04-03 10:34:16.219 [http-nio-8089-exec-1] INFO  o.a.c.c.C.[Tomcat].[localhost].[/springBootWeb] - Initializing Spring DispatcherServlet 'dispatcherServlet'
2020-04-03 10:34:16.219 [http-nio-8089-exec-1] INFO  org.springframework.web.servlet.DispatcherServlet - Initializing Servlet 'dispatcherServlet'
2020-04-03 10:34:16.222 [http-nio-8089-exec-1] INFO  org.springframework.web.servlet.DispatcherServlet - Completed initialization in 3 ms
2020-04-03 10:34:20.083 [SpringContextShutdownHook] INFO  o.s.scheduling.concurrent.ThreadPoolTaskExecutor - Shutting down ExecutorService 'applicationTaskExecutor'
2020-04-03 10:35:19.110 [main] INFO  com.sch.springboot.SpringbootApplication - Starting SpringbootApplication on sch with PID 23365 (/home/sch/project/springboot/target/classes started by sch in /home/sch/project/springboot)
2020-04-03 10:35:19.117 [main] INFO  com.sch.springboot.SpringbootApplication - The following profiles are active: person
2020-04-03 10:35:19.857 [main] INFO  o.s.boot.web.embedded.tomcat.TomcatWebServer - Tomcat initialized with port(s): 8089 (http)
2020-04-03 10:35:19.863 [main] INFO  org.apache.coyote.http11.Http11NioProtocol - Initializing ProtocolHandler ["http-nio-8089"]
2020-04-03 10:35:19.864 [main] INFO  org.apache.catalina.core.StandardService - Starting service [Tomcat]
2020-04-03 10:35:19.864 [main] INFO  org.apache.catalina.core.StandardEngine - Starting Servlet engine: [Apache Tomcat/9.0.33]
2020-04-03 10:35:19.919 [main] INFO  o.a.c.c.C.[Tomcat].[localhost].[/springBootWeb] - Initializing Spring embedded WebApplicationContext
2020-04-03 10:35:19.919 [main] INFO  org.springframework.web.context.ContextLoader - Root WebApplicationContext: initialization completed in 770 ms
2020-04-03 10:35:20.045 [main] INFO  o.s.scheduling.concurrent.ThreadPoolTaskExecutor - Initializing ExecutorService 'applicationTaskExecutor'
2020-04-03 10:35:20.089 [main] INFO  o.s.b.a.web.servlet.WelcomePageHandlerMapping - Adding welcome page template: index
2020-04-03 10:35:20.176 [main] INFO  org.apache.coyote.http11.Http11NioProtocol - Starting ProtocolHandler ["http-nio-8089"]
2020-04-03 10:35:20.187 [main] INFO  o.s.boot.web.embedded.tomcat.TomcatWebServer - Tomcat started on port(s): 8089 (http) with context path '/springBootWeb'
2020-04-03 10:35:20.190 [main] INFO  com.sch.springboot.SpringbootApplication - Started SpringbootApplication in 1.488 seconds (JVM running for 1.993)
2020-04-03 10:35:24.625 [SpringContextShutdownHook] INFO  o.s.scheduling.concurrent.ThreadPoolTaskExecutor - Shutting down ExecutorService 'applicationTaskExecutor'
2020-04-03 10:38:36.362 [main] INFO  com.sch.springboot.SpringbootApplication - Starting SpringbootApplication on sch with PID 24506 (/home/sch/project/springboot/target/classes started by sch in /home/sch/project/springboot)
2020-04-03 10:38:36.364 [main] INFO  com.sch.springboot.SpringbootApplication - The following profiles are active: person
2020-04-03 10:38:37.117 [main] INFO  o.s.boot.web.embedded.tomcat.TomcatWebServer - Tomcat initialized with port(s): 8089 (http)
2020-04-03 10:38:37.124 [main] INFO  org.apache.coyote.http11.Http11NioProtocol - Initializing ProtocolHandler ["http-nio-8089"]
2020-04-03 10:38:37.124 [main] INFO  org.apache.catalina.core.StandardService - Starting service [Tomcat]
2020-04-03 10:38:37.125 [main] INFO  org.apache.catalina.core.StandardEngine - Starting Servlet engine: [Apache Tomcat/9.0.33]
2020-04-03 10:38:37.180 [main] INFO  o.a.c.c.C.[Tomcat].[localhost].[/springBootWeb] - Initializing Spring embedded WebApplicationContext
2020-04-03 10:38:37.180 [main] INFO  org.springframework.web.context.ContextLoader - Root WebApplicationContext: initialization completed in 783 ms
2020-04-03 10:38:37.305 [main] INFO  o.s.scheduling.concurrent.ThreadPoolTaskExecutor - Initializing ExecutorService 'applicationTaskExecutor'
2020-04-03 10:38:37.349 [main] INFO  o.s.b.a.web.servlet.WelcomePageHandlerMapping - Adding welcome page template: index
2020-04-03 10:38:37.437 [main] INFO  org.apache.coyote.http11.Http11NioProtocol - Starting ProtocolHandler ["http-nio-8089"]
2020-04-03 10:38:37.449 [main] INFO  o.s.boot.web.embedded.tomcat.TomcatWebServer - Tomcat started on port(s): 8089 (http) with context path '/springBootWeb'
2020-04-03 10:38:37.451 [main] INFO  com.sch.springboot.SpringbootApplication - Started SpringbootApplication in 1.782 seconds (JVM running for 2.238)
2020-04-03 10:38:58.886 [SpringContextShutdownHook] INFO  o.s.scheduling.concurrent.ThreadPoolTaskExecutor - Shutting down ExecutorService 'applicationTaskExecutor'
