2020-04-07 10:04:32.750 [main] INFO  com.sch.springboot.SpringbootApplication - Starting SpringbootApplication on sch with PID 12415 (/home/sch/project/springboot/target/classes started by sch in /home/sch/project/springboot)
2020-04-07 10:04:32.756 [main] INFO  com.sch.springboot.SpringbootApplication - The following profiles are active: person
2020-04-07 10:04:34.372 [main] INFO  o.s.boot.web.embedded.tomcat.TomcatWebServer - Tomcat initialized with port(s): 8089 (http)
2020-04-07 10:04:34.380 [main] INFO  org.apache.coyote.http11.Http11NioProtocol - Initializing ProtocolHandler ["http-nio-8089"]
2020-04-07 10:04:34.381 [main] INFO  org.apache.catalina.core.StandardService - Starting service [Tomcat]
2020-04-07 10:04:34.382 [main] INFO  org.apache.catalina.core.StandardEngine - Starting Servlet engine: [Apache Tomcat/9.0.33]
2020-04-07 10:04:34.463 [main] INFO  o.a.c.c.C.[Tomcat].[localhost].[/springBootWeb] - Initializing Spring embedded WebApplicationContext
2020-04-07 10:04:34.463 [main] INFO  org.springframework.web.context.ContextLoader - Root WebApplicationContext: initialization completed in 1613 ms
2020-04-07 10:04:34.701 [main] INFO  o.s.scheduling.concurrent.ThreadPoolTaskExecutor - Initializing ExecutorService 'applicationTaskExecutor'
2020-04-07 10:04:34.796 [main] INFO  o.s.b.a.web.servlet.WelcomePageHandlerMapping - Adding welcome page template: index
2020-04-07 10:04:34.948 [main] INFO  org.apache.coyote.http11.Http11NioProtocol - Starting ProtocolHandler ["http-nio-8089"]
2020-04-07 10:04:34.960 [main] INFO  o.s.boot.web.embedded.tomcat.TomcatWebServer - Tomcat started on port(s): 8089 (http) with context path '/springBootWeb'
2020-04-07 10:04:34.962 [main] INFO  com.sch.springboot.SpringbootApplication - Started SpringbootApplication in 3.03 seconds (JVM running for 3.879)
2020-04-07 10:04:41.555 [http-nio-8089-exec-1] INFO  o.a.c.c.C.[Tomcat].[localhost].[/springBootWeb] - Initializing Spring DispatcherServlet 'dispatcherServlet'
2020-04-07 10:04:41.556 [http-nio-8089-exec-1] INFO  org.springframework.web.servlet.DispatcherServlet - Initializing Servlet 'dispatcherServlet'
2020-04-07 10:04:41.560 [http-nio-8089-exec-1] INFO  org.springframework.web.servlet.DispatcherServlet - Completed initialization in 4 ms
2020-04-07 10:05:48.175 [SpringContextShutdownHook] INFO  o.s.scheduling.concurrent.ThreadPoolTaskExecutor - Shutting down ExecutorService 'applicationTaskExecutor'
2020-04-07 10:05:50.504 [main] INFO  com.sch.springboot.SpringbootApplication - Starting SpringbootApplication on sch with PID 13276 (/home/sch/project/springboot/target/classes started by sch in /home/sch/project/springboot)
2020-04-07 10:05:50.506 [main] INFO  com.sch.springboot.SpringbootApplication - The following profiles are active: person
2020-04-07 10:05:51.268 [main] INFO  o.s.boot.web.embedded.tomcat.TomcatWebServer - Tomcat initialized with port(s): 8089 (http)
2020-04-07 10:05:51.275 [main] INFO  org.apache.coyote.http11.Http11NioProtocol - Initializing ProtocolHandler ["http-nio-8089"]
2020-04-07 10:05:51.276 [main] INFO  org.apache.catalina.core.StandardService - Starting service [Tomcat]
2020-04-07 10:05:51.276 [main] INFO  org.apache.catalina.core.StandardEngine - Starting Servlet engine: [Apache Tomcat/9.0.33]
2020-04-07 10:05:51.332 [main] INFO  o.a.c.c.C.[Tomcat].[localhost].[/springBootWeb] - Initializing Spring embedded WebApplicationContext
2020-04-07 10:05:51.332 [main] INFO  org.springframework.web.context.ContextLoader - Root WebApplicationContext: initialization completed in 789 ms
2020-04-07 10:05:51.463 [main] INFO  o.s.scheduling.concurrent.ThreadPoolTaskExecutor - Initializing ExecutorService 'applicationTaskExecutor'
2020-04-07 10:05:51.507 [main] INFO  o.s.b.a.web.servlet.WelcomePageHandlerMapping - Adding welcome page template: index
2020-04-07 10:05:51.586 [main] INFO  org.apache.coyote.http11.Http11NioProtocol - Starting ProtocolHandler ["http-nio-8089"]
2020-04-07 10:05:51.598 [main] INFO  o.s.boot.web.embedded.tomcat.TomcatWebServer - Tomcat started on port(s): 8089 (http) with context path '/springBootWeb'
2020-04-07 10:05:51.600 [main] INFO  com.sch.springboot.SpringbootApplication - Started SpringbootApplication in 1.576 seconds (JVM running for 2.112)
2020-04-07 10:05:54.899 [http-nio-8089-exec-1] INFO  o.a.c.c.C.[Tomcat].[localhost].[/springBootWeb] - Initializing Spring DispatcherServlet 'dispatcherServlet'
2020-04-07 10:05:54.899 [http-nio-8089-exec-1] INFO  org.springframework.web.servlet.DispatcherServlet - Initializing Servlet 'dispatcherServlet'
2020-04-07 10:05:54.903 [http-nio-8089-exec-1] INFO  org.springframework.web.servlet.DispatcherServlet - Completed initialization in 4 ms
2020-04-07 10:06:37.930 [SpringContextShutdownHook] INFO  o.s.scheduling.concurrent.ThreadPoolTaskExecutor - Shutting down ExecutorService 'applicationTaskExecutor'
2020-04-07 10:08:30.370 [main] INFO  com.sch.springboot.SpringbootApplication - Starting SpringbootApplication on sch with PID 14413 (/home/sch/project/springboot/target/classes started by sch in /home/sch/project/springboot)
2020-04-07 10:08:30.373 [main] INFO  com.sch.springboot.SpringbootApplication - The following profiles are active: person
2020-04-07 10:08:31.161 [main] INFO  o.s.boot.web.embedded.tomcat.TomcatWebServer - Tomcat initialized with port(s): 8089 (http)
2020-04-07 10:08:31.167 [main] INFO  org.apache.coyote.http11.Http11NioProtocol - Initializing ProtocolHandler ["http-nio-8089"]
2020-04-07 10:08:31.168 [main] INFO  org.apache.catalina.core.StandardService - Starting service [Tomcat]
2020-04-07 10:08:31.168 [main] INFO  org.apache.catalina.core.StandardEngine - Starting Servlet engine: [Apache Tomcat/9.0.33]
2020-04-07 10:08:31.227 [main] INFO  o.a.c.c.C.[Tomcat].[localhost].[/springBootWeb] - Initializing Spring embedded WebApplicationContext
2020-04-07 10:08:31.227 [main] INFO  org.springframework.web.context.ContextLoader - Root WebApplicationContext: initialization completed in 764 ms
2020-04-07 10:08:31.361 [main] INFO  o.s.scheduling.concurrent.ThreadPoolTaskExecutor - Initializing ExecutorService 'applicationTaskExecutor'
2020-04-07 10:08:31.406 [main] INFO  o.s.b.a.web.servlet.WelcomePageHandlerMapping - Adding welcome page template: index
2020-04-07 10:08:31.488 [main] INFO  org.apache.coyote.http11.Http11NioProtocol - Starting ProtocolHandler ["http-nio-8089"]
2020-04-07 10:08:31.499 [main] INFO  o.s.boot.web.embedded.tomcat.TomcatWebServer - Tomcat started on port(s): 8089 (http) with context path '/springBootWeb'
2020-04-07 10:08:31.501 [main] INFO  com.sch.springboot.SpringbootApplication - Started SpringbootApplication in 1.541 seconds (JVM running for 2.06)
2020-04-07 10:08:37.388 [http-nio-8089-exec-1] INFO  o.a.c.c.C.[Tomcat].[localhost].[/springBootWeb] - Initializing Spring DispatcherServlet 'dispatcherServlet'
2020-04-07 10:08:37.388 [http-nio-8089-exec-1] INFO  org.springframework.web.servlet.DispatcherServlet - Initializing Servlet 'dispatcherServlet'
2020-04-07 10:08:37.395 [http-nio-8089-exec-1] INFO  org.springframework.web.servlet.DispatcherServlet - Completed initialization in 7 ms
2020-04-07 10:12:07.439 [SpringContextShutdownHook] INFO  o.s.scheduling.concurrent.ThreadPoolTaskExecutor - Shutting down ExecutorService 'applicationTaskExecutor'
2020-04-07 10:12:16.251 [main] INFO  com.sch.springboot.SpringbootApplication - Starting SpringbootApplication on sch with PID 15793 (/home/sch/project/springboot/target/classes started by sch in /home/sch/project/springboot)
2020-04-07 10:12:16.254 [main] INFO  com.sch.springboot.SpringbootApplication - The following profiles are active: person
2020-04-07 10:12:17.033 [main] INFO  o.s.boot.web.embedded.tomcat.TomcatWebServer - Tomcat initialized with port(s): 8089 (http)
2020-04-07 10:12:17.039 [main] INFO  org.apache.coyote.http11.Http11NioProtocol - Initializing ProtocolHandler ["http-nio-8089"]
2020-04-07 10:12:17.040 [main] INFO  org.apache.catalina.core.StandardService - Starting service [Tomcat]
2020-04-07 10:12:17.040 [main] INFO  org.apache.catalina.core.StandardEngine - Starting Servlet engine: [Apache Tomcat/9.0.33]
2020-04-07 10:12:17.096 [main] INFO  o.a.c.c.C.[Tomcat].[localhost].[/springBootWeb] - Initializing Spring embedded WebApplicationContext
2020-04-07 10:12:17.097 [main] INFO  org.springframework.web.context.ContextLoader - Root WebApplicationContext: initialization completed in 740 ms
2020-04-07 10:12:17.230 [main] INFO  o.s.scheduling.concurrent.ThreadPoolTaskExecutor - Initializing ExecutorService 'applicationTaskExecutor'
2020-04-07 10:12:17.278 [main] INFO  o.s.b.a.web.servlet.WelcomePageHandlerMapping - Adding welcome page template: index
2020-04-07 10:12:17.361 [main] INFO  org.apache.coyote.http11.Http11NioProtocol - Starting ProtocolHandler ["http-nio-8089"]
2020-04-07 10:12:17.373 [main] INFO  o.s.boot.web.embedded.tomcat.TomcatWebServer - Tomcat started on port(s): 8089 (http) with context path '/springBootWeb'
2020-04-07 10:12:17.376 [main] INFO  com.sch.springboot.SpringbootApplication - Started SpringbootApplication in 1.53 seconds (JVM running for 1.982)
2020-04-07 10:12:22.801 [http-nio-8089-exec-1] INFO  o.a.c.c.C.[Tomcat].[localhost].[/springBootWeb] - Initializing Spring DispatcherServlet 'dispatcherServlet'
2020-04-07 10:12:22.802 [http-nio-8089-exec-1] INFO  org.springframework.web.servlet.DispatcherServlet - Initializing Servlet 'dispatcherServlet'
2020-04-07 10:12:22.810 [http-nio-8089-exec-1] INFO  org.springframework.web.servlet.DispatcherServlet - Completed initialization in 8 ms
2020-04-07 10:12:46.912 [SpringContextShutdownHook] INFO  o.s.scheduling.concurrent.ThreadPoolTaskExecutor - Shutting down ExecutorService 'applicationTaskExecutor'
2020-04-07 10:12:50.937 [main] INFO  com.sch.springboot.SpringbootApplication - Starting SpringbootApplication on sch with PID 16176 (/home/sch/project/springboot/target/classes started by sch in /home/sch/project/springboot)
2020-04-07 10:12:50.939 [main] INFO  com.sch.springboot.SpringbootApplication - The following profiles are active: person
2020-04-07 10:12:51.723 [main] INFO  o.s.boot.web.embedded.tomcat.TomcatWebServer - Tomcat initialized with port(s): 8089 (http)
2020-04-07 10:12:51.730 [main] INFO  org.apache.coyote.http11.Http11NioProtocol - Initializing ProtocolHandler ["http-nio-8089"]
2020-04-07 10:12:51.730 [main] INFO  org.apache.catalina.core.StandardService - Starting service [Tomcat]
2020-04-07 10:12:51.731 [main] INFO  org.apache.catalina.core.StandardEngine - Starting Servlet engine: [Apache Tomcat/9.0.33]
2020-04-07 10:12:51.790 [main] INFO  o.a.c.c.C.[Tomcat].[localhost].[/springBootWeb] - Initializing Spring embedded WebApplicationContext
2020-04-07 10:12:51.790 [main] INFO  org.springframework.web.context.ContextLoader - Root WebApplicationContext: initialization completed in 755 ms
2020-04-07 10:12:51.921 [main] INFO  o.s.scheduling.concurrent.ThreadPoolTaskExecutor - Initializing ExecutorService 'applicationTaskExecutor'
2020-04-07 10:12:51.963 [main] INFO  o.s.b.a.web.servlet.WelcomePageHandlerMapping - Adding welcome page template: index
2020-04-07 10:12:52.039 [main] INFO  org.apache.coyote.http11.Http11NioProtocol - Starting ProtocolHandler ["http-nio-8089"]
2020-04-07 10:12:52.051 [main] INFO  o.s.boot.web.embedded.tomcat.TomcatWebServer - Tomcat started on port(s): 8089 (http) with context path '/springBootWeb'
2020-04-07 10:12:52.053 [main] INFO  com.sch.springboot.SpringbootApplication - Started SpringbootApplication in 1.53 seconds (JVM running for 1.997)
2020-04-07 10:12:56.875 [http-nio-8089-exec-1] INFO  o.a.c.c.C.[Tomcat].[localhost].[/springBootWeb] - Initializing Spring DispatcherServlet 'dispatcherServlet'
2020-04-07 10:12:56.876 [http-nio-8089-exec-1] INFO  org.springframework.web.servlet.DispatcherServlet - Initializing Servlet 'dispatcherServlet'
2020-04-07 10:12:56.880 [http-nio-8089-exec-1] INFO  org.springframework.web.servlet.DispatcherServlet - Completed initialization in 4 ms
2020-04-07 10:15:38.067 [SpringContextShutdownHook] INFO  o.s.scheduling.concurrent.ThreadPoolTaskExecutor - Shutting down ExecutorService 'applicationTaskExecutor'
2020-04-07 10:15:43.313 [main] INFO  com.sch.springboot.SpringbootApplication - Starting SpringbootApplication on sch with PID 17790 (/home/sch/project/springboot/target/classes started by sch in /home/sch/project/springboot)
2020-04-07 10:15:43.315 [main] INFO  com.sch.springboot.SpringbootApplication - The following profiles are active: person
2020-04-07 10:15:44.047 [main] INFO  o.s.boot.web.embedded.tomcat.TomcatWebServer - Tomcat initialized with port(s): 8089 (http)
2020-04-07 10:15:44.055 [main] INFO  org.apache.coyote.http11.Http11NioProtocol - Initializing ProtocolHandler ["http-nio-8089"]
2020-04-07 10:15:44.055 [main] INFO  org.apache.catalina.core.StandardService - Starting service [Tomcat]
2020-04-07 10:15:44.056 [main] INFO  org.apache.catalina.core.StandardEngine - Starting Servlet engine: [Apache Tomcat/9.0.33]
2020-04-07 10:15:44.120 [main] INFO  o.a.c.c.C.[Tomcat].[localhost].[/springBootWeb] - Initializing Spring embedded WebApplicationContext
2020-04-07 10:15:44.120 [main] INFO  org.springframework.web.context.ContextLoader - Root WebApplicationContext: initialization completed in 764 ms
2020-04-07 10:15:44.261 [main] INFO  o.s.scheduling.concurrent.ThreadPoolTaskExecutor - Initializing ExecutorService 'applicationTaskExecutor'
2020-04-07 10:15:44.304 [main] INFO  o.s.b.a.web.servlet.WelcomePageHandlerMapping - Adding welcome page template: index
2020-04-07 10:15:44.387 [main] INFO  org.apache.coyote.http11.Http11NioProtocol - Starting ProtocolHandler ["http-nio-8089"]
2020-04-07 10:15:44.399 [main] INFO  o.s.boot.web.embedded.tomcat.TomcatWebServer - Tomcat started on port(s): 8089 (http) with context path '/springBootWeb'
2020-04-07 10:15:44.402 [main] INFO  com.sch.springboot.SpringbootApplication - Started SpringbootApplication in 1.524 seconds (JVM running for 2.031)
2020-04-07 10:15:47.433 [http-nio-8089-exec-1] INFO  o.a.c.c.C.[Tomcat].[localhost].[/springBootWeb] - Initializing Spring DispatcherServlet 'dispatcherServlet'
2020-04-07 10:15:47.434 [http-nio-8089-exec-1] INFO  org.springframework.web.servlet.DispatcherServlet - Initializing Servlet 'dispatcherServlet'
2020-04-07 10:15:47.438 [http-nio-8089-exec-1] INFO  org.springframework.web.servlet.DispatcherServlet - Completed initialization in 4 ms
2020-04-07 10:16:04.180 [SpringContextShutdownHook] INFO  o.s.scheduling.concurrent.ThreadPoolTaskExecutor - Shutting down ExecutorService 'applicationTaskExecutor'
2020-04-07 10:16:07.559 [main] INFO  com.sch.springboot.SpringbootApplication - Starting SpringbootApplication on sch with PID 18341 (/home/sch/project/springboot/target/classes started by sch in /home/sch/project/springboot)
2020-04-07 10:16:07.561 [main] INFO  com.sch.springboot.SpringbootApplication - The following profiles are active: person
2020-04-07 10:16:08.323 [main] INFO  o.s.boot.web.embedded.tomcat.TomcatWebServer - Tomcat initialized with port(s): 8089 (http)
2020-04-07 10:16:08.331 [main] INFO  org.apache.coyote.http11.Http11NioProtocol - Initializing ProtocolHandler ["http-nio-8089"]
2020-04-07 10:16:08.332 [main] INFO  org.apache.catalina.core.StandardService - Starting service [Tomcat]
2020-04-07 10:16:08.332 [main] INFO  org.apache.catalina.core.StandardEngine - Starting Servlet engine: [Apache Tomcat/9.0.33]
2020-04-07 10:16:08.389 [main] INFO  o.a.c.c.C.[Tomcat].[localhost].[/springBootWeb] - Initializing Spring embedded WebApplicationContext
2020-04-07 10:16:08.390 [main] INFO  org.springframework.web.context.ContextLoader - Root WebApplicationContext: initialization completed in 742 ms
2020-04-07 10:16:08.527 [main] INFO  o.s.scheduling.concurrent.ThreadPoolTaskExecutor - Initializing ExecutorService 'applicationTaskExecutor'
2020-04-07 10:16:08.571 [main] INFO  o.s.b.a.web.servlet.WelcomePageHandlerMapping - Adding welcome page template: index
2020-04-07 10:16:08.657 [main] INFO  org.apache.coyote.http11.Http11NioProtocol - Starting ProtocolHandler ["http-nio-8089"]
2020-04-07 10:16:08.720 [main] INFO  o.s.boot.web.embedded.tomcat.TomcatWebServer - Tomcat started on port(s): 8089 (http) with context path '/springBootWeb'
2020-04-07 10:16:08.722 [main] INFO  com.sch.springboot.SpringbootApplication - Started SpringbootApplication in 1.585 seconds (JVM running for 2.027)
2020-04-07 10:16:15.106 [http-nio-8089-exec-1] INFO  o.a.c.c.C.[Tomcat].[localhost].[/springBootWeb] - Initializing Spring DispatcherServlet 'dispatcherServlet'
2020-04-07 10:16:15.106 [http-nio-8089-exec-1] INFO  org.springframework.web.servlet.DispatcherServlet - Initializing Servlet 'dispatcherServlet'
2020-04-07 10:16:15.110 [http-nio-8089-exec-1] INFO  org.springframework.web.servlet.DispatcherServlet - Completed initialization in 4 ms
2020-04-07 10:19:12.469 [SpringContextShutdownHook] INFO  o.s.scheduling.concurrent.ThreadPoolTaskExecutor - Shutting down ExecutorService 'applicationTaskExecutor'
2020-04-07 10:51:10.302 [main] INFO  com.sch.springboot.SpringbootApplication - Starting SpringbootApplication on sch with PID 29244 (/home/sch/project/springboot/target/classes started by sch in /home/sch/project/springboot)
2020-04-07 10:51:10.304 [main] INFO  com.sch.springboot.SpringbootApplication - The following profiles are active: person
2020-04-07 10:51:11.070 [main] INFO  o.s.boot.web.embedded.tomcat.TomcatWebServer - Tomcat initialized with port(s): 8089 (http)
2020-04-07 10:51:11.077 [main] INFO  org.apache.coyote.http11.Http11NioProtocol - Initializing ProtocolHandler ["http-nio-8089"]
2020-04-07 10:51:11.077 [main] INFO  org.apache.catalina.core.StandardService - Starting service [Tomcat]
2020-04-07 10:51:11.077 [main] INFO  org.apache.catalina.core.StandardEngine - Starting Servlet engine: [Apache Tomcat/9.0.33]
2020-04-07 10:51:11.127 [main] INFO  o.a.c.c.C.[Tomcat].[localhost].[/springBootWeb] - Initializing Spring embedded WebApplicationContext
2020-04-07 10:51:11.127 [main] INFO  org.springframework.web.context.ContextLoader - Root WebApplicationContext: initialization completed in 778 ms
2020-04-07 10:51:11.273 [main] INFO  o.s.scheduling.concurrent.ThreadPoolTaskExecutor - Initializing ExecutorService 'applicationTaskExecutor'
2020-04-07 10:51:11.321 [main] INFO  o.s.b.a.web.servlet.WelcomePageHandlerMapping - Adding welcome page template: index
2020-04-07 10:51:11.413 [main] INFO  org.apache.coyote.http11.Http11NioProtocol - Starting ProtocolHandler ["http-nio-8089"]
2020-04-07 10:51:11.429 [main] INFO  o.s.boot.web.embedded.tomcat.TomcatWebServer - Tomcat started on port(s): 8089 (http) with context path '/springBootWeb'
2020-04-07 10:51:11.432 [main] INFO  com.sch.springboot.SpringbootApplication - Started SpringbootApplication in 1.626 seconds (JVM running for 2.261)
2020-04-07 10:51:14.601 [http-nio-8089-exec-1] INFO  o.a.c.c.C.[Tomcat].[localhost].[/springBootWeb] - Initializing Spring DispatcherServlet 'dispatcherServlet'
2020-04-07 10:51:14.601 [http-nio-8089-exec-1] INFO  org.springframework.web.servlet.DispatcherServlet - Initializing Servlet 'dispatcherServlet'
2020-04-07 10:51:14.605 [http-nio-8089-exec-1] INFO  org.springframework.web.servlet.DispatcherServlet - Completed initialization in 4 ms
2020-04-07 11:05:09.374 [SpringContextShutdownHook] INFO  o.s.scheduling.concurrent.ThreadPoolTaskExecutor - Shutting down ExecutorService 'applicationTaskExecutor'
2020-04-07 11:05:11.137 [main] INFO  com.sch.springboot.SpringbootApplication - Starting SpringbootApplication on sch with PID 32071 (/home/sch/project/springboot/target/classes started by sch in /home/sch/project/springboot)
2020-04-07 11:05:11.139 [main] INFO  com.sch.springboot.SpringbootApplication - The following profiles are active: person
2020-04-07 11:05:11.859 [main] INFO  o.s.boot.web.embedded.tomcat.TomcatWebServer - Tomcat initialized with port(s): 8089 (http)
2020-04-07 11:05:11.865 [main] INFO  org.apache.coyote.http11.Http11NioProtocol - Initializing ProtocolHandler ["http-nio-8089"]
2020-04-07 11:05:11.866 [main] INFO  org.apache.catalina.core.StandardService - Starting service [Tomcat]
2020-04-07 11:05:11.866 [main] INFO  org.apache.catalina.core.StandardEngine - Starting Servlet engine: [Apache Tomcat/9.0.33]
2020-04-07 11:05:11.923 [main] INFO  o.a.c.c.C.[Tomcat].[localhost].[/springBootWeb] - Initializing Spring embedded WebApplicationContext
2020-04-07 11:05:11.923 [main] INFO  org.springframework.web.context.ContextLoader - Root WebApplicationContext: initialization completed in 682 ms
2020-04-07 11:05:12.056 [main] INFO  o.s.scheduling.concurrent.ThreadPoolTaskExecutor - Initializing ExecutorService 'applicationTaskExecutor'
2020-04-07 11:05:12.100 [main] INFO  o.s.b.a.web.servlet.WelcomePageHandlerMapping - Adding welcome page template: index
2020-04-07 11:05:12.177 [main] INFO  org.apache.coyote.http11.Http11NioProtocol - Starting ProtocolHandler ["http-nio-8089"]
2020-04-07 11:05:12.190 [main] INFO  o.s.boot.web.embedded.tomcat.TomcatWebServer - Tomcat started on port(s): 8089 (http) with context path '/springBootWeb'
2020-04-07 11:05:12.192 [main] INFO  com.sch.springboot.SpringbootApplication - Started SpringbootApplication in 1.639 seconds (JVM running for 2.193)
2020-04-07 11:05:16.145 [http-nio-8089-exec-1] INFO  o.a.c.c.C.[Tomcat].[localhost].[/springBootWeb] - Initializing Spring DispatcherServlet 'dispatcherServlet'
2020-04-07 11:05:16.146 [http-nio-8089-exec-1] INFO  org.springframework.web.servlet.DispatcherServlet - Initializing Servlet 'dispatcherServlet'
2020-04-07 11:05:16.150 [http-nio-8089-exec-1] INFO  org.springframework.web.servlet.DispatcherServlet - Completed initialization in 4 ms
2020-04-07 11:08:38.190 [SpringContextShutdownHook] INFO  o.s.scheduling.concurrent.ThreadPoolTaskExecutor - Shutting down ExecutorService 'applicationTaskExecutor'
2020-04-07 11:08:41.147 [main] INFO  com.sch.springboot.SpringbootApplication - Starting SpringbootApplication on sch with PID 32382 (/home/sch/project/springboot/target/classes started by sch in /home/sch/project/springboot)
2020-04-07 11:08:41.150 [main] INFO  com.sch.springboot.SpringbootApplication - The following profiles are active: person
2020-04-07 11:08:41.875 [main] INFO  o.s.boot.web.embedded.tomcat.TomcatWebServer - Tomcat initialized with port(s): 8089 (http)
2020-04-07 11:08:41.882 [main] INFO  org.apache.coyote.http11.Http11NioProtocol - Initializing ProtocolHandler ["http-nio-8089"]
2020-04-07 11:08:41.883 [main] INFO  org.apache.catalina.core.StandardService - Starting service [Tomcat]
2020-04-07 11:08:41.883 [main] INFO  org.apache.catalina.core.StandardEngine - Starting Servlet engine: [Apache Tomcat/9.0.33]
2020-04-07 11:08:41.944 [main] INFO  o.a.c.c.C.[Tomcat].[localhost].[/springBootWeb] - Initializing Spring embedded WebApplicationContext
2020-04-07 11:08:41.944 [main] INFO  org.springframework.web.context.ContextLoader - Root WebApplicationContext: initialization completed in 696 ms
2020-04-07 11:08:42.085 [main] INFO  o.s.scheduling.concurrent.ThreadPoolTaskExecutor - Initializing ExecutorService 'applicationTaskExecutor'
2020-04-07 11:08:42.130 [main] INFO  o.s.b.a.web.servlet.WelcomePageHandlerMapping - Adding welcome page template: index
2020-04-07 11:08:42.215 [main] INFO  org.apache.coyote.http11.Http11NioProtocol - Starting ProtocolHandler ["http-nio-8089"]
2020-04-07 11:08:42.227 [main] INFO  o.s.boot.web.embedded.tomcat.TomcatWebServer - Tomcat started on port(s): 8089 (http) with context path '/springBootWeb'
2020-04-07 11:08:42.229 [main] INFO  com.sch.springboot.SpringbootApplication - Started SpringbootApplication in 1.654 seconds (JVM running for 2.12)
2020-04-07 11:08:44.034 [http-nio-8089-exec-1] INFO  o.a.c.c.C.[Tomcat].[localhost].[/springBootWeb] - Initializing Spring DispatcherServlet 'dispatcherServlet'
2020-04-07 11:08:44.034 [http-nio-8089-exec-1] INFO  org.springframework.web.servlet.DispatcherServlet - Initializing Servlet 'dispatcherServlet'
2020-04-07 11:08:44.038 [http-nio-8089-exec-1] INFO  org.springframework.web.servlet.DispatcherServlet - Completed initialization in 4 ms
2020-04-07 11:11:43.216 [SpringContextShutdownHook] INFO  o.s.scheduling.concurrent.ThreadPoolTaskExecutor - Shutting down ExecutorService 'applicationTaskExecutor'
2020-04-07 11:14:33.396 [main] INFO  com.sch.springboot.SpringbootApplication - Starting SpringbootApplication on sch with PID 1195 (/home/sch/project/springboot/target/classes started by sch in /home/sch/project/springboot)
2020-04-07 11:14:33.403 [main] INFO  com.sch.springboot.SpringbootApplication - The following profiles are active: person
2020-04-07 11:14:34.208 [main] INFO  o.s.boot.web.embedded.tomcat.TomcatWebServer - Tomcat initialized with port(s): 8089 (http)
2020-04-07 11:14:34.215 [main] INFO  org.apache.coyote.http11.Http11NioProtocol - Initializing ProtocolHandler ["http-nio-8089"]
2020-04-07 11:14:34.216 [main] INFO  org.apache.catalina.core.StandardService - Starting service [Tomcat]
2020-04-07 11:14:34.216 [main] INFO  org.apache.catalina.core.StandardEngine - Starting Servlet engine: [Apache Tomcat/9.0.33]
2020-04-07 11:14:34.276 [main] INFO  o.a.c.c.C.[Tomcat].[localhost].[/springBootWeb] - Initializing Spring embedded WebApplicationContext
2020-04-07 11:14:34.277 [main] INFO  org.springframework.web.context.ContextLoader - Root WebApplicationContext: initialization completed in 844 ms
2020-04-07 11:14:34.417 [main] INFO  o.s.scheduling.concurrent.ThreadPoolTaskExecutor - Initializing ExecutorService 'applicationTaskExecutor'
2020-04-07 11:14:34.462 [main] INFO  o.s.b.a.web.servlet.WelcomePageHandlerMapping - Adding welcome page template: index
2020-04-07 11:14:34.543 [main] INFO  org.apache.coyote.http11.Http11NioProtocol - Starting ProtocolHandler ["http-nio-8089"]
2020-04-07 11:14:34.555 [main] INFO  o.s.boot.web.embedded.tomcat.TomcatWebServer - Tomcat started on port(s): 8089 (http) with context path '/springBootWeb'
2020-04-07 11:14:34.557 [main] INFO  com.sch.springboot.SpringbootApplication - Started SpringbootApplication in 1.744 seconds (JVM running for 2.254)
2020-04-07 11:14:38.206 [http-nio-8089-exec-1] INFO  o.a.c.c.C.[Tomcat].[localhost].[/springBootWeb] - Initializing Spring DispatcherServlet 'dispatcherServlet'
2020-04-07 11:14:38.206 [http-nio-8089-exec-1] INFO  org.springframework.web.servlet.DispatcherServlet - Initializing Servlet 'dispatcherServlet'
2020-04-07 11:14:38.210 [http-nio-8089-exec-1] INFO  org.springframework.web.servlet.DispatcherServlet - Completed initialization in 4 ms
2020-04-07 11:19:36.740 [SpringContextShutdownHook] INFO  o.s.scheduling.concurrent.ThreadPoolTaskExecutor - Shutting down ExecutorService 'applicationTaskExecutor'
2020-04-07 11:19:39.497 [main] INFO  com.sch.springboot.SpringbootApplication - Starting SpringbootApplication on sch with PID 2090 (/home/sch/project/springboot/target/classes started by sch in /home/sch/project/springboot)
2020-04-07 11:19:39.508 [main] INFO  com.sch.springboot.SpringbootApplication - The following profiles are active: person
2020-04-07 11:19:40.265 [main] INFO  o.s.boot.web.embedded.tomcat.TomcatWebServer - Tomcat initialized with port(s): 8089 (http)
2020-04-07 11:19:40.272 [main] INFO  org.apache.coyote.http11.Http11NioProtocol - Initializing ProtocolHandler ["http-nio-8089"]
2020-04-07 11:19:40.273 [main] INFO  org.apache.catalina.core.StandardService - Starting service [Tomcat]
2020-04-07 11:19:40.273 [main] INFO  org.apache.catalina.core.StandardEngine - Starting Servlet engine: [Apache Tomcat/9.0.33]
2020-04-07 11:19:40.336 [main] INFO  o.a.c.c.C.[Tomcat].[localhost].[/springBootWeb] - Initializing Spring embedded WebApplicationContext
2020-04-07 11:19:40.336 [main] INFO  org.springframework.web.context.ContextLoader - Root WebApplicationContext: initialization completed in 744 ms
2020-04-07 11:19:40.474 [main] INFO  o.s.scheduling.concurrent.ThreadPoolTaskExecutor - Initializing ExecutorService 'applicationTaskExecutor'
2020-04-07 11:19:40.516 [main] INFO  o.s.b.a.web.servlet.WelcomePageHandlerMapping - Adding welcome page template: index
2020-04-07 11:19:40.594 [main] INFO  org.apache.coyote.http11.Http11NioProtocol - Starting ProtocolHandler ["http-nio-8089"]
2020-04-07 11:19:40.606 [main] INFO  o.s.boot.web.embedded.tomcat.TomcatWebServer - Tomcat started on port(s): 8089 (http) with context path '/springBootWeb'
2020-04-07 11:19:40.608 [main] INFO  com.sch.springboot.SpringbootApplication - Started SpringbootApplication in 1.518 seconds (JVM running for 2.06)
2020-04-07 11:19:43.214 [http-nio-8089-exec-1] INFO  o.a.c.c.C.[Tomcat].[localhost].[/springBootWeb] - Initializing Spring DispatcherServlet 'dispatcherServlet'
2020-04-07 11:19:43.222 [http-nio-8089-exec-1] INFO  org.springframework.web.servlet.DispatcherServlet - Initializing Servlet 'dispatcherServlet'
2020-04-07 11:19:43.227 [http-nio-8089-exec-1] INFO  org.springframework.web.servlet.DispatcherServlet - Completed initialization in 5 ms
2020-04-07 11:26:30.960 [SpringContextShutdownHook] INFO  o.s.scheduling.concurrent.ThreadPoolTaskExecutor - Shutting down ExecutorService 'applicationTaskExecutor'
2020-04-07 11:26:32.619 [main] INFO  com.sch.springboot.SpringbootApplication - Starting SpringbootApplication on sch with PID 3703 (/home/sch/project/springboot/target/classes started by sch in /home/sch/project/springboot)
2020-04-07 11:26:32.624 [main] INFO  com.sch.springboot.SpringbootApplication - The following profiles are active: person
2020-04-07 11:26:33.297 [main] INFO  o.s.boot.web.embedded.tomcat.TomcatWebServer - Tomcat initialized with port(s): 8089 (http)
2020-04-07 11:26:33.303 [main] INFO  org.apache.coyote.http11.Http11NioProtocol - Initializing ProtocolHandler ["http-nio-8089"]
2020-04-07 11:26:33.304 [main] INFO  org.apache.catalina.core.StandardService - Starting service [Tomcat]
2020-04-07 11:26:33.304 [main] INFO  org.apache.catalina.core.StandardEngine - Starting Servlet engine: [Apache Tomcat/9.0.33]
2020-04-07 11:26:33.349 [main] INFO  o.a.c.c.C.[Tomcat].[localhost].[/springBootWeb] - Initializing Spring embedded WebApplicationContext
2020-04-07 11:26:33.349 [main] INFO  org.springframework.web.context.ContextLoader - Root WebApplicationContext: initialization completed in 647 ms
2020-04-07 11:26:33.488 [main] INFO  o.s.scheduling.concurrent.ThreadPoolTaskExecutor - Initializing ExecutorService 'applicationTaskExecutor'
2020-04-07 11:26:33.536 [main] INFO  o.s.b.a.web.servlet.WelcomePageHandlerMapping - Adding welcome page template: index
2020-04-07 11:26:33.624 [main] INFO  org.apache.coyote.http11.Http11NioProtocol - Starting ProtocolHandler ["http-nio-8089"]
2020-04-07 11:26:33.637 [main] INFO  o.s.boot.web.embedded.tomcat.TomcatWebServer - Tomcat started on port(s): 8089 (http) with context path '/springBootWeb'
2020-04-07 11:26:33.639 [main] INFO  com.sch.springboot.SpringbootApplication - Started SpringbootApplication in 1.535 seconds (JVM running for 2.146)
2020-04-07 11:26:37.241 [http-nio-8089-exec-1] INFO  o.a.c.c.C.[Tomcat].[localhost].[/springBootWeb] - Initializing Spring DispatcherServlet 'dispatcherServlet'
2020-04-07 11:26:37.242 [http-nio-8089-exec-1] INFO  org.springframework.web.servlet.DispatcherServlet - Initializing Servlet 'dispatcherServlet'
2020-04-07 11:26:37.246 [http-nio-8089-exec-1] INFO  org.springframework.web.servlet.DispatcherServlet - Completed initialization in 4 ms
2020-04-07 11:36:57.000 [SpringContextShutdownHook] INFO  o.s.scheduling.concurrent.ThreadPoolTaskExecutor - Shutting down ExecutorService 'applicationTaskExecutor'
2020-04-07 11:36:59.514 [main] INFO  com.sch.springboot.SpringbootApplication - Starting SpringbootApplication on sch with PID 5583 (/home/sch/project/springboot/target/classes started by sch in /home/sch/project/springboot)
2020-04-07 11:36:59.518 [main] INFO  com.sch.springboot.SpringbootApplication - The following profiles are active: person
2020-04-07 11:37:00.239 [main] INFO  o.s.boot.web.embedded.tomcat.TomcatWebServer - Tomcat initialized with port(s): 8089 (http)
2020-04-07 11:37:00.246 [main] INFO  org.apache.coyote.http11.Http11NioProtocol - Initializing ProtocolHandler ["http-nio-8089"]
2020-04-07 11:37:00.247 [main] INFO  org.apache.catalina.core.StandardService - Starting service [Tomcat]
2020-04-07 11:37:00.247 [main] INFO  org.apache.catalina.core.StandardEngine - Starting Servlet engine: [Apache Tomcat/9.0.33]
2020-04-07 11:37:00.305 [main] INFO  o.a.c.c.C.[Tomcat].[localhost].[/springBootWeb] - Initializing Spring embedded WebApplicationContext
2020-04-07 11:37:00.305 [main] INFO  org.springframework.web.context.ContextLoader - Root WebApplicationContext: initialization completed in 671 ms
2020-04-07 11:37:00.441 [main] INFO  o.s.scheduling.concurrent.ThreadPoolTaskExecutor - Initializing ExecutorService 'applicationTaskExecutor'
2020-04-07 11:37:00.487 [main] INFO  o.s.b.a.web.servlet.WelcomePageHandlerMapping - Adding welcome page template: index
2020-04-07 11:37:00.568 [main] INFO  org.apache.coyote.http11.Http11NioProtocol - Starting ProtocolHandler ["http-nio-8089"]
2020-04-07 11:37:00.581 [main] INFO  o.s.boot.web.embedded.tomcat.TomcatWebServer - Tomcat started on port(s): 8089 (http) with context path '/springBootWeb'
2020-04-07 11:37:00.584 [main] INFO  com.sch.springboot.SpringbootApplication - Started SpringbootApplication in 1.544 seconds (JVM running for 2.048)
2020-04-07 11:37:06.739 [http-nio-8089-exec-1] INFO  o.a.c.c.C.[Tomcat].[localhost].[/springBootWeb] - Initializing Spring DispatcherServlet 'dispatcherServlet'
2020-04-07 11:37:06.740 [http-nio-8089-exec-1] INFO  org.springframework.web.servlet.DispatcherServlet - Initializing Servlet 'dispatcherServlet'
2020-04-07 11:37:06.746 [http-nio-8089-exec-1] INFO  org.springframework.web.servlet.DispatcherServlet - Completed initialization in 6 ms
2020-04-07 15:11:29.538 [SpringContextShutdownHook] INFO  o.s.scheduling.concurrent.ThreadPoolTaskExecutor - Shutting down ExecutorService 'applicationTaskExecutor'
